\BOOKMARK [1][-]{section.1}{Introduction}{}% 1
\BOOKMARK [2][-]{subsection.1.1}{Related Work}{section.1}% 2
\BOOKMARK [2][-]{subsection.1.2}{Notation and Preliminaries}{section.1}% 3
\BOOKMARK [2][-]{subsection.1.3}{Our Contributions}{section.1}% 4
\BOOKMARK [1][-]{section.2}{The Data Shared Estimator}{}% 5
\BOOKMARK [1][-]{section.3}{Restricted Eigenvalue Condition}{}% 6
\BOOKMARK [2][-]{subsection.3.1}{Geometric Condition for Recovery}{section.3}% 7
\BOOKMARK [2][-]{subsection.3.2}{Sample Complexity}{section.3}% 8
\BOOKMARK [2][-]{subsection.3.3}{Proof of Theorem 3}{section.3}% 9
\BOOKMARK [3][-]{subsubsection.3.3.1}{Lower Bounding the First Term t1\(X\)}{subsection.3.3}% 10
\BOOKMARK [3][-]{subsubsection.3.3.2}{Upper Bounding the Second Term t2\(X\)}{subsection.3.3}% 11
\BOOKMARK [3][-]{subsubsection.3.3.3}{Continuing the Proof of Theorem 3}{subsection.3.3}% 12
\BOOKMARK [1][-]{section.4}{General Error Bound}{}% 13
\BOOKMARK [2][-]{subsection.4.1}{Proof of Theorem 6}{section.4}% 14
\BOOKMARK [1][-]{section.5}{Estimation Algorithm}{}% 15
\BOOKMARK [2][-]{subsection.5.1}{Proof Sketch of Theorem 11}{section.5}% 16
\BOOKMARK [1][-]{section.6}{Experiments on Synthetic Data}{}% 17
\BOOKMARK [1][-]{section.7}{Conclusion}{}% 18
\BOOKMARK [1][-]{section*.5}{References}{}% 19
\BOOKMARK [1][-]{section.8}{Proofs of Theorems}{}% 20
\BOOKMARK [2][-]{subsection.8.1}{Proof of Proposition 2}{section.8}% 21
\BOOKMARK [2][-]{subsection.8.2}{Proof of Theorem 11}{section.8}% 22
\BOOKMARK [2][-]{subsection.8.3}{Proof of Lemma 4}{section.8}% 23
\BOOKMARK [2][-]{subsection.8.4}{Proof of Lemma 5}{section.8}% 24
\BOOKMARK [2][-]{subsection.8.5}{Proof of Lemma 8}{section.8}% 25
\BOOKMARK [2][-]{subsection.8.6}{Proof of Lemma 10}{section.8}% 26
\BOOKMARK [2][-]{subsection.8.7}{Proof of Lemma 13}{section.8}% 27
\BOOKMARK [3][-]{subsubsection.8.7.1}{Bounding g\(g\)}{subsection.8.7}% 28
\BOOKMARK [3][-]{subsubsection.8.7.2}{Bounding g\(g\)}{subsection.8.7}% 29
\BOOKMARK [3][-]{subsubsection.8.7.3}{Bounding g\(g\)}{subsection.8.7}% 30
\BOOKMARK [2][-]{subsection.8.8}{Proof of Lemma 14}{section.8}% 31
\BOOKMARK [2][-]{subsection.8.9}{Proof of Lemma 15}{section.8}% 32
