This is pdfTeX, Version 3.14159265-2.6-1.40.19 (TeX Live 2018/W32TeX) (preloaded format=pdflatex 2019.3.29)  31 JAN 2020 20:42
entering extended mode
 restricted \write18 enabled.
 %&-line parsing enabled.
**ds_tsp_jrnl.tex
(./ds_tsp_jrnl.tex
LaTeX2e <2018-12-01>
(./IEEEtran.cls
Document Class: IEEEtran 2015/08/26 V1.8b by Michael Shell
-- See the "IEEEtran_HOWTO" manual for usage information.
-- http://www.michaelshell.org/tex/ieeetran/
\@IEEEtrantmpdimenA=\dimen102
\@IEEEtrantmpdimenB=\dimen103
\@IEEEtrantmpdimenC=\dimen104
\@IEEEtrantmpcountA=\count80
\@IEEEtrantmpcountB=\count81
\@IEEEtrantmpcountC=\count82
\@IEEEtrantmptoksA=\toks14
LaTeX Font Info:    Try loading font information for OT1+ptm on input line 503.

(c:/texlive/2018/texmf-dist/tex/latex/psnfss/ot1ptm.fd
File: ot1ptm.fd 2001/06/04 font definitions for OT1/ptm.
)
-- Using 8.5in x 11in (letter) paper.
-- Using PDF output.
\@IEEEnormalsizeunitybaselineskip=\dimen105
-- This is a 10 point document.
\CLASSINFOnormalsizebaselineskip=\dimen106
\CLASSINFOnormalsizeunitybaselineskip=\dimen107
\IEEEnormaljot=\dimen108
LaTeX Font Info:    Font shape `OT1/ptm/bx/n' in size <5> not available
(Font)              Font shape `OT1/ptm/b/n' tried instead on input line 1090.
LaTeX Font Info:    Font shape `OT1/ptm/bx/it' in size <5> not available
(Font)              Font shape `OT1/ptm/b/it' tried instead on input line 1090.

LaTeX Font Info:    Font shape `OT1/ptm/bx/n' in size <7> not available
(Font)              Font shape `OT1/ptm/b/n' tried instead on input line 1090.
LaTeX Font Info:    Font shape `OT1/ptm/bx/it' in size <7> not available
(Font)              Font shape `OT1/ptm/b/it' tried instead on input line 1090.

LaTeX Font Info:    Font shape `OT1/ptm/bx/n' in size <8> not available
(Font)              Font shape `OT1/ptm/b/n' tried instead on input line 1090.
LaTeX Font Info:    Font shape `OT1/ptm/bx/it' in size <8> not available
(Font)              Font shape `OT1/ptm/b/it' tried instead on input line 1090.

LaTeX Font Info:    Font shape `OT1/ptm/bx/n' in size <9> not available
(Font)              Font shape `OT1/ptm/b/n' tried instead on input line 1090.
LaTeX Font Info:    Font shape `OT1/ptm/bx/it' in size <9> not available
(Font)              Font shape `OT1/ptm/b/it' tried instead on input line 1090.

LaTeX Font Info:    Font shape `OT1/ptm/bx/n' in size <10> not available
(Font)              Font shape `OT1/ptm/b/n' tried instead on input line 1090.
LaTeX Font Info:    Font shape `OT1/ptm/bx/it' in size <10> not available
(Font)              Font shape `OT1/ptm/b/it' tried instead on input line 1090.

LaTeX Font Info:    Font shape `OT1/ptm/bx/n' in size <11> not available
(Font)              Font shape `OT1/ptm/b/n' tried instead on input line 1090.
LaTeX Font Info:    Font shape `OT1/ptm/bx/it' in size <11> not available
(Font)              Font shape `OT1/ptm/b/it' tried instead on input line 1090.

LaTeX Font Info:    Font shape `OT1/ptm/bx/n' in size <12> not available
(Font)              Font shape `OT1/ptm/b/n' tried instead on input line 1090.
LaTeX Font Info:    Font shape `OT1/ptm/bx/it' in size <12> not available
(Font)              Font shape `OT1/ptm/b/it' tried instead on input line 1090.

LaTeX Font Info:    Font shape `OT1/ptm/bx/n' in size <17> not available
(Font)              Font shape `OT1/ptm/b/n' tried instead on input line 1090.
LaTeX Font Info:    Font shape `OT1/ptm/bx/it' in size <17> not available
(Font)              Font shape `OT1/ptm/b/it' tried instead on input line 1090.

LaTeX Font Info:    Font shape `OT1/ptm/bx/n' in size <20> not available
(Font)              Font shape `OT1/ptm/b/n' tried instead on input line 1090.
LaTeX Font Info:    Font shape `OT1/ptm/bx/it' in size <20> not available
(Font)              Font shape `OT1/ptm/b/it' tried instead on input line 1090.

LaTeX Font Info:    Font shape `OT1/ptm/bx/n' in size <24> not available
(Font)              Font shape `OT1/ptm/b/n' tried instead on input line 1090.
LaTeX Font Info:    Font shape `OT1/ptm/bx/it' in size <24> not available
(Font)              Font shape `OT1/ptm/b/it' tried instead on input line 1090.

\IEEEquantizedlength=\dimen109
\IEEEquantizedlengthdiff=\dimen110
\IEEEquantizedtextheightdiff=\dimen111
\IEEEilabelindentA=\dimen112
\IEEEilabelindentB=\dimen113
\IEEEilabelindent=\dimen114
\IEEEelabelindent=\dimen115
\IEEEdlabelindent=\dimen116
\IEEElabelindent=\dimen117
\IEEEiednormlabelsep=\dimen118
\IEEEiedmathlabelsep=\dimen119
\IEEEiedtopsep=\skip41
\c@section=\count83
\c@subsection=\count84
\c@subsubsection=\count85
\c@paragraph=\count86
\c@IEEEsubequation=\count87
\abovecaptionskip=\skip42
\belowcaptionskip=\skip43
\c@figure=\count88
\c@table=\count89
\@IEEEeqnnumcols=\count90
\@IEEEeqncolcnt=\count91
\@IEEEsubeqnnumrollback=\count92
\@IEEEquantizeheightA=\dimen120
\@IEEEquantizeheightB=\dimen121
\@IEEEquantizeheightC=\dimen122
\@IEEEquantizeprevdepth=\dimen123
\@IEEEquantizemultiple=\count93
\@IEEEquantizeboxA=\box27
\@IEEEtmpitemindent=\dimen124
\IEEEPARstartletwidth=\dimen125
\c@IEEEbiography=\count94
\@IEEEtranrubishbin=\box28
) (./sec/include.tex
(c:/texlive/2018/texmf-dist/tex/latex/microtype/microtype.sty
Package: microtype 2018/01/14 v2.7a Micro-typographical refinements (RS)

(c:/texlive/2018/texmf-dist/tex/latex/graphics/keyval.sty
Package: keyval 2014/10/28 v1.15 key=value parser (DPC)
\KV@toks@=\toks15
)
\MT@toks=\toks16
\MT@count=\count95
LaTeX Info: Redefining \textls on input line 793.
\MT@outer@kern=\dimen126
LaTeX Info: Redefining \textmicrotypecontext on input line 1339.
\MT@listname@count=\count96

(c:/texlive/2018/texmf-dist/tex/latex/microtype/microtype-pdftex.def
File: microtype-pdftex.def 2018/01/14 v2.7a Definitions specific to pdftex (RS)

LaTeX Info: Redefining \lsstyle on input line 913.
LaTeX Info: Redefining \lslig on input line 913.
\MT@outer@space=\skip44
)
Package microtype Info: Loading configuration file microtype.cfg.

(c:/texlive/2018/texmf-dist/tex/latex/microtype/microtype.cfg
File: microtype.cfg 2018/01/14 v2.7a microtype main configuration file (RS)
))
(c:/texlive/2018/texmf-dist/tex/latex/wrapfig/wrapfig.sty
\wrapoverhang=\dimen127
\WF@size=\dimen128
\c@WF@wrappedlines=\count97
\WF@box=\box29
\WF@everypar=\toks17
Package: wrapfig 2003/01/31  v 3.6
)
(c:/texlive/2018/texmf-dist/tex/latex/sttools/stfloats.sty
Package: stfloats 2017/03/27 v3.3 Improve float mechanism and baselineskip sett
ings
\@dblbotnum=\count98
\c@dblbotnumber=\count99
)
(c:/texlive/2018/texmf-dist/tex/latex/moresize/moresize.sty
Package: moresize 1999/07/26 v1.9 (more font sizes)
)
(c:/texlive/2018/texmf-dist/tex/latex/graphics/graphicx.sty
Package: graphicx 2017/06/01 v1.1a Enhanced LaTeX Graphics (DPC,SPQR)

(c:/texlive/2018/texmf-dist/tex/latex/graphics/graphics.sty
Package: graphics 2017/06/25 v1.2c Standard LaTeX Graphics (DPC,SPQR)

(c:/texlive/2018/texmf-dist/tex/latex/graphics/trig.sty
Package: trig 2016/01/03 v1.10 sin cos tan (DPC)
)
(c:/texlive/2018/texmf-dist/tex/latex/graphics-cfg/graphics.cfg
File: graphics.cfg 2016/06/04 v1.11 sample graphics configuration
)
Package graphics Info: Driver file: pdftex.def on input line 99.

(c:/texlive/2018/texmf-dist/tex/latex/graphics-def/pdftex.def
File: pdftex.def 2018/01/08 v1.0l Graphics/color driver for pdftex
))
\Gin@req@height=\dimen129
\Gin@req@width=\dimen130
)
(c:/texlive/2018/texmf-dist/tex/latex/booktabs/booktabs.sty
Package: booktabs 2016/04/27 v1.618033 publication quality tables
\heavyrulewidth=\dimen131
\lightrulewidth=\dimen132
\cmidrulewidth=\dimen133
\belowrulesep=\dimen134
\belowbottomsep=\dimen135
\aboverulesep=\dimen136
\abovetopsep=\dimen137
\cmidrulesep=\dimen138
\cmidrulekern=\dimen139
\defaultaddspace=\dimen140
\@cmidla=\count100
\@cmidlb=\count101
\@aboverulesep=\dimen141
\@belowrulesep=\dimen142
\@thisruleclass=\count102
\@lastruleclass=\count103
\@thisrulewidth=\dimen143
)
(c:/texlive/2018/texmf-dist/tex/latex/base/inputenc.sty
Package: inputenc 2018/08/11 v1.3c Input encoding file
\inpenc@prehook=\toks18
\inpenc@posthook=\toks19
)
(c:/texlive/2018/texmf-dist/tex/latex/hyperref/hyperref.sty
Package: hyperref 2018/11/30 v6.88e Hypertext links for LaTeX

(c:/texlive/2018/texmf-dist/tex/generic/oberdiek/hobsub-hyperref.sty
Package: hobsub-hyperref 2016/05/16 v1.14 Bundle oberdiek, subset hyperref (HO)


(c:/texlive/2018/texmf-dist/tex/generic/oberdiek/hobsub-generic.sty
Package: hobsub-generic 2016/05/16 v1.14 Bundle oberdiek, subset generic (HO)
Package: hobsub 2016/05/16 v1.14 Construct package bundles (HO)
Package: infwarerr 2016/05/16 v1.4 Providing info/warning/error messages (HO)
Package: ltxcmds 2016/05/16 v1.23 LaTeX kernel commands for general use (HO)
Package: ifluatex 2016/05/16 v1.4 Provides the ifluatex switch (HO)
Package ifluatex Info: LuaTeX not detected.
Package: ifvtex 2016/05/16 v1.6 Detect VTeX and its facilities (HO)
Package ifvtex Info: VTeX not detected.
Package: intcalc 2016/05/16 v1.2 Expandable calculations with integers (HO)
Package: ifpdf 2018/09/07 v3.3 Provides the ifpdf switch
Package: etexcmds 2016/05/16 v1.6 Avoid name clashes with e-TeX commands (HO)
Package etexcmds Info: Could not find \expanded.
(etexcmds)             That can mean that you are not using pdfTeX 1.50 or
(etexcmds)             that some package has redefined \expanded.
(etexcmds)             In the latter case, load this package earlier.
Package: kvsetkeys 2016/05/16 v1.17 Key value parser (HO)
Package: kvdefinekeys 2016/05/16 v1.4 Define keys (HO)
Package: pdftexcmds 2018/09/10 v0.29 Utility functions of pdfTeX for LuaTeX (HO
)
Package pdftexcmds Info: LuaTeX not detected.
Package pdftexcmds Info: \pdf@primitive is available.
Package pdftexcmds Info: \pdf@ifprimitive is available.
Package pdftexcmds Info: \pdfdraftmode found.
Package: pdfescape 2016/05/16 v1.14 Implements pdfTeX's escape features (HO)
Package: bigintcalc 2016/05/16 v1.4 Expandable calculations on big integers (HO
)
Package: bitset 2016/05/16 v1.2 Handle bit-vector datatype (HO)
Package: uniquecounter 2016/05/16 v1.3 Provide unlimited unique counter (HO)
)
Package hobsub Info: Skipping package `hobsub' (already loaded).
Package: letltxmacro 2016/05/16 v1.5 Let assignment for LaTeX macros (HO)
Package: hopatch 2016/05/16 v1.3 Wrapper for package hooks (HO)
Package: xcolor-patch 2016/05/16 xcolor patch
Package: atveryend 2016/05/16 v1.9 Hooks at the very end of document (HO)
Package atveryend Info: \enddocument detected (standard20110627).
Package: atbegshi 2016/06/09 v1.18 At begin shipout hook (HO)
Package: refcount 2016/05/16 v3.5 Data extraction from label references (HO)
Package: hycolor 2016/05/16 v1.8 Color options for hyperref/bookmark (HO)
)
(c:/texlive/2018/texmf-dist/tex/generic/ifxetex/ifxetex.sty
Package: ifxetex 2010/09/12 v0.6 Provides ifxetex conditional
)
(c:/texlive/2018/texmf-dist/tex/latex/oberdiek/auxhook.sty
Package: auxhook 2016/05/16 v1.4 Hooks for auxiliary files (HO)
)
(c:/texlive/2018/texmf-dist/tex/latex/oberdiek/kvoptions.sty
Package: kvoptions 2016/05/16 v3.12 Key value format for package options (HO)
)
\@linkdim=\dimen144
\Hy@linkcounter=\count104
\Hy@pagecounter=\count105

(c:/texlive/2018/texmf-dist/tex/latex/hyperref/pd1enc.def
File: pd1enc.def 2018/11/30 v6.88e Hyperref: PDFDocEncoding definition (HO)
Now handling font encoding PD1 ...
... no UTF-8 mapping file for font encoding PD1
)
\Hy@SavedSpaceFactor=\count106

(c:/texlive/2018/texmf-dist/tex/latex/latexconfig/hyperref.cfg
File: hyperref.cfg 2002/06/06 v1.2 hyperref configuration of TeXLive
)
Package hyperref Info: Hyper figures OFF on input line 4519.
Package hyperref Info: Link nesting OFF on input line 4524.
Package hyperref Info: Hyper index ON on input line 4527.
Package hyperref Info: Plain pages OFF on input line 4534.
Package hyperref Info: Backreferencing OFF on input line 4539.
Package hyperref Info: Implicit mode ON; LaTeX internals redefined.
Package hyperref Info: Bookmarks ON on input line 4772.
\c@Hy@tempcnt=\count107

(c:/texlive/2018/texmf-dist/tex/latex/url/url.sty
\Urlmuskip=\muskip10
Package: url 2013/09/16  ver 3.4  Verb mode for urls, etc.
)
LaTeX Info: Redefining \url on input line 5125.
\XeTeXLinkMargin=\dimen145
\Fld@menulength=\count108
\Field@Width=\dimen146
\Fld@charsize=\dimen147
Package hyperref Info: Hyper figures OFF on input line 6380.
Package hyperref Info: Link nesting OFF on input line 6385.
Package hyperref Info: Hyper index ON on input line 6388.
Package hyperref Info: backreferencing OFF on input line 6395.
Package hyperref Info: Link coloring OFF on input line 6400.
Package hyperref Info: Link coloring with OCG OFF on input line 6405.
Package hyperref Info: PDF/A mode OFF on input line 6410.
LaTeX Info: Redefining \ref on input line 6450.
LaTeX Info: Redefining \pageref on input line 6454.
\Hy@abspage=\count109
\c@Item=\count110
\c@Hfootnote=\count111
)
Package hyperref Info: Driver (autodetected): hpdftex.

(c:/texlive/2018/texmf-dist/tex/latex/hyperref/hpdftex.def
File: hpdftex.def 2018/11/30 v6.88e Hyperref driver for pdfTeX
\Fld@listcount=\count112
\c@bookmark@seq@number=\count113

(c:/texlive/2018/texmf-dist/tex/latex/oberdiek/rerunfilecheck.sty
Package: rerunfilecheck 2016/05/16 v1.8 Rerun checks for auxiliary files (HO)
Package uniquecounter Info: New unique counter `rerunfilecheck' on input line 2
82.
)
\Hy@SectionHShift=\skip45
)
(c:/texlive/2018/texmf-dist/tex/latex/makecell/makecell.sty
Package: makecell 2009/08/03 V0.1e Managing of Tab Column Heads and Cells

(c:/texlive/2018/texmf-dist/tex/latex/tools/array.sty
Package: array 2018/12/30 v2.4k Tabular extension package (FMi)
\col@sep=\dimen148
\ar@mcellbox=\box30
\extrarowheight=\dimen149
\NC@list=\toks20
\extratabsurround=\skip46
\backup@length=\skip47
\ar@cellbox=\box31
)
\rotheadsize=\dimen150
\c@nlinenum=\count114
\TeXr@lab=\toks21
)
(c:/texlive/2018/texmf-dist/tex/latex/caption/caption.sty
Package: caption 2018/10/06 v3.3-154 Customizing captions (AR)

(c:/texlive/2018/texmf-dist/tex/latex/caption/caption3.sty
Package: caption3 2018/09/12 v1.8c caption3 kernel (AR)
Package caption3 Info: TeX engine: e-TeX on input line 64.
\captionmargin=\dimen151
\captionmargin@=\dimen152
\captionwidth=\dimen153
\caption@tempdima=\dimen154
\caption@indent=\dimen155
\caption@parindent=\dimen156
\caption@hangindent=\dimen157
Package caption Info: Unknown document class (or package),
(caption)             standard defaults will be used.
)

Package caption Warning: Unsupported document class (or package) detected,
(caption)                usage of the caption package is not recommended.
See the caption package documentation for explanation.

Package caption Info: \@makecaption = \long macro:#1#2->\ifx \@captype \@IEEEta
blestring \footnotesize \bgroup \par \centering \@IEEEtabletopskipstrut {\norma
lfont \footnotesize #1}\\{\normalfont \footnotesize \scshape #2}\par \addvspace
 {0.5\baselineskip }\egroup \@IEEEtablecaptionsepspace \else \@IEEEfigurecaptio
nsepspace \setbox \@tempboxa \hbox {\normalfont \footnotesize {#1.}\nobreakspac
e \nobreakspace #2}\ifdim \wd \@tempboxa >\hsize \setbox \@tempboxa \hbox {\nor
malfont \footnotesize {#1.}\nobreakspace \nobreakspace }\parbox [t]{\hsize }{\n
ormalfont \footnotesize \noindent \unhbox \@tempboxa #2}\else \ifCLASSOPTIONcon
ference \hbox to\hsize {\normalfont \footnotesize \hfil \box \@tempboxa \hfil }
\else \hbox to\hsize {\normalfont \footnotesize \box \@tempboxa \hfil }\fi \fi 
\fi .
\c@caption@flags=\count115
\c@ContinuedFloat=\count116
Package caption Info: hyperref package is loaded.
Package caption Info: wrapfig package is loaded.
) (c:/texlive/2018/texmf-dist/tex/latex/caption/subcaption.sty
Package: subcaption 2018/05/01 v1.1-162 Sub-captions (AR)
\c@subfigure=\count117
\c@subtable=\count118
)
(c:/texlive/2018/texmf-dist/tex/latex/floatflt/floatflt.sty
Package: floatflt 1997/07/16 v. 1.31
\c@OptionTest=\count119
\figbox=\box32
\tabbox=\box33
\pagebox=\box34
\ffigcount=\count120
\ftabcount=\count121
\fftest=\count122
\hangcount=\count123
\nosuccesstryfig=\count124
\nosuccesstrytab=\count125
\figgutter=\dimen158
\tabgutter=\dimen159
\htdone=\dimen160
\pageht=\dimen161
\startpageht=\dimen162
\tabbredd=\dimen163
\floatfltwidth=\dimen164
\fltitemwidth=\dimen165
\outputpretest=\toks22
)
(c:/texlive/2018/texmf-dist/tex/latex/graphics/epsfig.sty
Package: epsfig 2017/06/25 v1.7b (e)psfig emulation (SPQR)
\epsfxsize=\dimen166
\epsfysize=\dimen167
)
(c:/texlive/2018/texmf-dist/tex/latex/psnfss/times.sty
Package: times 2005/04/12 PSNFSS-v9.2a (SPQR) 
)
(c:/texlive/2018/texmf-dist/tex/latex/graphics/color.sty
Package: color 2016/07/10 v1.1e Standard LaTeX Color (DPC)

(c:/texlive/2018/texmf-dist/tex/latex/graphics-cfg/color.cfg
File: color.cfg 2016/01/02 v1.6 sample color configuration
)
Package color Info: Driver file: pdftex.def on input line 147.
)
(c:/texlive/2018/texmf-dist/tex/latex/amsmath/amsmath.sty
Package: amsmath 2018/12/01 v2.17b AMS math features
\@mathmargin=\skip48

For additional information on amsmath, use the `?' option.
(c:/texlive/2018/texmf-dist/tex/latex/amsmath/amstext.sty
Package: amstext 2000/06/29 v2.01 AMS text

(c:/texlive/2018/texmf-dist/tex/latex/amsmath/amsgen.sty
File: amsgen.sty 1999/11/30 v2.0 generic functions
\@emptytoks=\toks23
\ex@=\dimen168
))
(c:/texlive/2018/texmf-dist/tex/latex/amsmath/amsbsy.sty
Package: amsbsy 1999/11/29 v1.2d Bold Symbols
\pmbraise@=\dimen169
)
(c:/texlive/2018/texmf-dist/tex/latex/amsmath/amsopn.sty
Package: amsopn 2016/03/08 v2.02 operator names
)
\inf@bad=\count126
LaTeX Info: Redefining \frac on input line 223.
\uproot@=\count127
\leftroot@=\count128
LaTeX Info: Redefining \overline on input line 385.
\classnum@=\count129
\DOTSCASE@=\count130
LaTeX Info: Redefining \ldots on input line 482.
LaTeX Info: Redefining \dots on input line 485.
LaTeX Info: Redefining \cdots on input line 606.
\Mathstrutbox@=\box35
\strutbox@=\box36
\big@size=\dimen170
LaTeX Font Info:    Redeclaring font encoding OML on input line 729.
LaTeX Font Info:    Redeclaring font encoding OMS on input line 730.
\macc@depth=\count131
\c@MaxMatrixCols=\count132
\dotsspace@=\muskip11
\c@parentequation=\count133
\dspbrk@lvl=\count134
\tag@help=\toks24
\row@=\count135
\column@=\count136
\maxfields@=\count137
\andhelp@=\toks25
\eqnshift@=\dimen171
\alignsep@=\dimen172
\tagshift@=\dimen173
\tagwidth@=\dimen174
\totwidth@=\dimen175
\lineht@=\dimen176
\@envbody=\toks26
\multlinegap=\skip49
\multlinetaggap=\skip50
\mathdisplay@stack=\toks27
LaTeX Info: Redefining \[ on input line 2844.
LaTeX Info: Redefining \] on input line 2845.
)
(c:/texlive/2018/texmf-dist/tex/latex/amsfonts/amssymb.sty
Package: amssymb 2013/01/14 v3.01 AMS font symbols

(c:/texlive/2018/texmf-dist/tex/latex/amsfonts/amsfonts.sty
Package: amsfonts 2013/01/14 v3.01 Basic AMSFonts support
\symAMSa=\mathgroup4
\symAMSb=\mathgroup5
LaTeX Font Info:    Overwriting math alphabet `\mathfrak' in version `bold'
(Font)                  U/euf/m/n --> U/euf/b/n on input line 106.
))
(c:/texlive/2018/texmf-dist/tex/latex/algorithms/algorithm.sty
Package: algorithm 2009/08/24 v0.1 Document Style `algorithm' - floating enviro
nment

(c:/texlive/2018/texmf-dist/tex/latex/float/float.sty
Package: float 2001/11/08 v1.3d Float enhancements (AL)
\c@float@type=\count138
\float@exts=\toks28
\float@box=\box37
\@float@everytoks=\toks29
\@floatcapt=\box38
)
(c:/texlive/2018/texmf-dist/tex/latex/base/ifthen.sty
Package: ifthen 2014/09/29 v1.1c Standard LaTeX ifthen package (DPC)
)
\@float@every@algorithm=\toks30
\c@algorithm=\count139
)
(c:/texlive/2018/texmf-dist/tex/latex/algorithms/algorithmic.sty
Package: algorithmic 2009/08/24 v0.1 Document Style `algorithmic'
\c@ALC@unique=\count140
\c@ALC@line=\count141
\c@ALC@rem=\count142
\c@ALC@depth=\count143
\ALC@tlm=\skip51
\algorithmicindent=\skip52
)
(c:/texlive/2018/texmf-dist/tex/latex/bbm-macros/bbm.sty
Package: bbm 1999/03/15 V 1.2 provides fonts for set symbols - TH
LaTeX Font Info:    Overwriting math alphabet `\mathbbm' in version `bold'
(Font)                  U/bbm/m/n --> U/bbm/bx/n on input line 33.
LaTeX Font Info:    Overwriting math alphabet `\mathbbmss' in version `bold'
(Font)                  U/bbmss/m/n --> U/bbmss/bx/n on input line 35.
)
(c:/texlive/2018/texmf-dist/tex/latex/tools/bm.sty
Package: bm 2017/01/16 v1.2c Bold Symbol Support (DPC/FMi)
\symboldoperators=\mathgroup6
\symboldletters=\mathgroup7
\symboldsymbols=\mathgroup8
LaTeX Font Info:    Redeclaring math alphabet \mathbf on input line 141.
LaTeX Info: Redefining \bm on input line 207.
)
(c:/texlive/2018/texmf-dist/tex/latex/tools/enumerate.sty
Package: enumerate 2015/07/23 v3.00 enumerate extensions (DPC)
\@enLab=\toks31
)
(c:/texlive/2018/texmf-dist/tex/latex/multirow/multirow.sty
Package: multirow 2019/01/01 v2.4 Span multiple rows of a table
\multirow@colwidth=\skip53
\multirow@cntb=\count144
\multirow@dima=\skip54
\bigstrutjot=\dimen177
)
(c:/texlive/2018/texmf-dist/tex/latex/graphics/rotating.sty
Package: rotating 2016/08/11 v2.16d rotated objects in LaTeX
\c@r@tfl@t=\count145
\rotFPtop=\skip55
\rotFPbot=\skip56
\rot@float@box=\box39
\rot@mess@toks=\toks32
)
(c:/texlive/2018/texmf-dist/tex/latex/tools/hhline.sty
Package: hhline 2014/10/28 v2.03 Table rule package (DPC)
)
(c:/texlive/2018/texmf-dist/tex/latex/tools/xspace.sty
Package: xspace 2014/10/28 v1.13 Space after command names (DPC,MH)
)
(c:/texlive/2018/texmf-dist/tex/latex/base/fontenc.sty
Package: fontenc 2018/08/11 v2.0j Standard LaTeX package

(c:/texlive/2018/texmf-dist/tex/latex/base/t1enc.def
File: t1enc.def 2018/08/11 v2.0j Standard LaTeX file
LaTeX Font Info:    Redeclaring font encoding T1 on input line 48.
)
LaTeX Font Info:    Try loading font information for T1+ptm on input line 105.

(c:/texlive/2018/texmf-dist/tex/latex/psnfss/t1ptm.fd
File: t1ptm.fd 2001/06/04 font definitions for T1/ptm.
))
(c:/texlive/2018/texmf-dist/tex/latex/units/nicefrac.sty
Package: nicefrac 1998/08/04 v0.9b Nice fractions
\L@UnitsRaiseDisplaystyle=\skip57
\L@UnitsRaiseTextstyle=\skip58
\L@UnitsRaiseScriptstyle=\skip59
)
(c:/texlive/2018/texmf-dist/tex/latex/enumitem/enumitem.sty
Package: enumitem 2019/02/04 v3.8 Customized lists
\labelindent=\skip60
\enit@outerparindent=\dimen178
\enit@toks=\toks33
\enit@inbox=\box40
\enit@count@id=\count146
\enitdp@description=\count147
)
(c:/texlive/2018/texmf-dist/tex/latex/tools/calc.sty
Package: calc 2017/05/25 v4.3 Infix arithmetic (KKT,FJ)
\calc@Acount=\count148
\calc@Bcount=\count149
\calc@Adimen=\dimen179
\calc@Bdimen=\dimen180
\calc@Askip=\skip61
\calc@Bskip=\skip62
LaTeX Info: Redefining \setlength on input line 80.
LaTeX Info: Redefining \addtolength on input line 81.
\calc@Ccount=\count150
\calc@Cskip=\skip63
)
(c:/texlive/2018/texmf-dist/tex/latex/lipsum/lipsum.sty
(c:/texlive/2018/texmf-dist/tex/latex/l3kernel/expl3.sty
Package: expl3 2019-02-15 L3 programming layer (loader) 

(c:/texlive/2018/texmf-dist/tex/latex/l3kernel/expl3-code.tex
Package: expl3 2019-02-15 L3 programming layer (code)
\c_max_int=\count151
\l_tmpa_int=\count152
\l_tmpb_int=\count153
\g_tmpa_int=\count154
\g_tmpb_int=\count155
\g__kernel_prg_map_int=\count156
\c_log_iow=\count157
\l_iow_line_count_int=\count158
\l__iow_line_target_int=\count159
\l__iow_one_indent_int=\count160
\l__iow_indent_int=\count161
\c_zero_dim=\dimen181
\c_max_dim=\dimen182
\l_tmpa_dim=\dimen183
\l_tmpb_dim=\dimen184
\g_tmpa_dim=\dimen185
\g_tmpb_dim=\dimen186
\c_zero_skip=\skip64
\c_max_skip=\skip65
\l_tmpa_skip=\skip66
\l_tmpb_skip=\skip67
\g_tmpa_skip=\skip68
\g_tmpb_skip=\skip69
\c_zero_muskip=\muskip12
\c_max_muskip=\muskip13
\l_tmpa_muskip=\muskip14
\l_tmpb_muskip=\muskip15
\g_tmpa_muskip=\muskip16
\g_tmpb_muskip=\muskip17
\l_keys_choice_int=\count162
\l__intarray_loop_int=\count163
\c__intarray_sp_dim=\dimen187
\g__intarray_font_int=\count164
\c__fp_leading_shift_int=\count165
\c__fp_middle_shift_int=\count166
\c__fp_trailing_shift_int=\count167
\c__fp_big_leading_shift_int=\count168
\c__fp_big_middle_shift_int=\count169
\c__fp_big_trailing_shift_int=\count170
\c__fp_Bigg_leading_shift_int=\count171
\c__fp_Bigg_middle_shift_int=\count172
\c__fp_Bigg_trailing_shift_int=\count173
\c__kernel_randint_max_int=\count174
\g__fp_array_int=\count175
\l__fp_array_loop_int=\count176
\l__sort_length_int=\count177
\l__sort_min_int=\count178
\l__sort_top_int=\count179
\l__sort_max_int=\count180
\l__sort_true_max_int=\count181
\l__sort_block_int=\count182
\l__sort_begin_int=\count183
\l__sort_end_int=\count184
\l__sort_A_int=\count185
\l__sort_B_int=\count186
\l__sort_C_int=\count187
\l__tl_analysis_normal_int=\count188
\l__tl_analysis_index_int=\count189
\l__tl_analysis_nesting_int=\count190
\l__tl_analysis_type_int=\count191
\l__regex_internal_a_int=\count192
\l__regex_internal_b_int=\count193
\l__regex_internal_c_int=\count194
\l__regex_balance_int=\count195
\l__regex_group_level_int=\count196
\l__regex_mode_int=\count197
\c__regex_cs_in_class_mode_int=\count198
\c__regex_cs_mode_int=\count199
\l__regex_catcodes_int=\count266
\l__regex_default_catcodes_int=\count267
\c__regex_catcode_D_int=\count268
\c__regex_catcode_S_int=\count269
\c__regex_catcode_L_int=\count270
\c__regex_catcode_O_int=\count271
\c__regex_catcode_A_int=\count272
\c__regex_all_catcodes_int=\count273
\l__regex_show_lines_int=\count274
\l__regex_min_state_int=\count275
\l__regex_max_state_int=\count276
\l__regex_left_state_int=\count277
\l__regex_right_state_int=\count278
\l__regex_capturing_group_int=\count279
\l__regex_min_pos_int=\count280
\l__regex_max_pos_int=\count281
\l__regex_curr_pos_int=\count282
\l__regex_start_pos_int=\count283
\l__regex_success_pos_int=\count284
\l__regex_curr_char_int=\count285
\l__regex_curr_catcode_int=\count286
\l__regex_last_char_int=\count287
\l__regex_case_changed_char_int=\count288
\l__regex_curr_state_int=\count289
\l__regex_step_int=\count290
\l__regex_min_active_int=\count291
\l__regex_max_active_int=\count292
\l__regex_replacement_csnames_int=\count293
\l__regex_match_count_int=\count294
\l__regex_min_submatch_int=\count295
\l__regex_submatch_int=\count296
\l__regex_zeroth_submatch_int=\count297
\g__regex_trace_regex_int=\count298
\c_empty_box=\box41
\l_tmpa_box=\box42
\l_tmpb_box=\box43
\g_tmpa_box=\box44
\g_tmpb_box=\box45
\l__box_top_dim=\dimen188
\l__box_bottom_dim=\dimen189
\l__box_left_dim=\dimen190
\l__box_right_dim=\dimen191
\l__box_top_new_dim=\dimen192
\l__box_bottom_new_dim=\dimen193
\l__box_left_new_dim=\dimen194
\l__box_right_new_dim=\dimen195
\l__box_internal_box=\box46
\l__coffin_internal_box=\box47
\l__coffin_internal_dim=\dimen196
\l__coffin_offset_x_dim=\dimen197
\l__coffin_offset_y_dim=\dimen198
\l__coffin_x_dim=\dimen199
\l__coffin_y_dim=\dimen256
\l__coffin_x_prime_dim=\dimen257
\l__coffin_y_prime_dim=\dimen258
\c_empty_coffin=\box48
\l__coffin_aligned_coffin=\box49
\l__coffin_aligned_internal_coffin=\box50
\l_tmpa_coffin=\box51
\l_tmpb_coffin=\box52
\g_tmpa_coffin=\box53
\g_tmpb_coffin=\box54
\c__coffin_empty_coffin=\box55
\l__coffin_display_coffin=\box56
\l__coffin_display_coord_coffin=\box57
\l__coffin_display_pole_coffin=\box58
\l__coffin_display_offset_dim=\dimen259
\l__coffin_display_x_dim=\dimen260
\l__coffin_display_y_dim=\dimen261
\g__file_internal_ior=\read1
\l__coffin_bounding_shift_dim=\dimen262
\l__coffin_left_corner_dim=\dimen263
\l__coffin_right_corner_dim=\dimen264
\l__coffin_bottom_corner_dim=\dimen265
\l__coffin_top_corner_dim=\dimen266
\l__coffin_scaled_total_height_dim=\dimen267
\l__coffin_scaled_width_dim=\dimen268
\l__seq_internal_a_int=\count299
\l__seq_internal_b_int=\count300
)
(c:/texlive/2018/texmf-dist/tex/latex/l3kernel/l3pdfmode.def
File: l3pdfmode.def 2019-02-15 v L3 Experimental driver: PDF mode
\l__driver_color_stack_int=\count301
))
(c:/texlive/2018/texmf-dist/tex/latex/l3packages/xparse/xparse.sty
Package: xparse 2018-10-17 L3 Experimental document command parser
\l__xparse_current_arg_int=\count302
\g__xparse_grabber_int=\count303
\l__xparse_m_args_int=\count304
\l__xparse_mandatory_args_int=\count305
\l__xparse_v_nesting_int=\count306
)
Package: lipsum 2019/01/02 v2.2 150 paragraphs of Lorem Ipsum dummy text

(c:/texlive/2018/texmf-dist/tex/latex/lipsum/lipsum.ltd.tex
File: lipsum.ltd.tex 2019/01/02 v2.2 The Lorem ipsum dummy text
))
(c:/texlive/2018/texmf-dist/tex/latex/oberdiek/epstopdf.sty
Package: epstopdf 2016/05/15 v2.6 Conversion with epstopdf on the fly (HO)

(c:/texlive/2018/texmf-dist/tex/latex/oberdiek/epstopdf-base.sty
Package: epstopdf-base 2016/05/15 v2.6 Base part for package epstopdf

(c:/texlive/2018/texmf-dist/tex/latex/oberdiek/grfext.sty
Package: grfext 2016/05/16 v1.2 Manage graphics extensions (HO)
)
Package epstopdf-base Info: Redefining graphics rule for `.eps' on input line 4
38.
Package grfext Info: Graphics extension search list:
(grfext)             [.pdf,.png,.jpg,.mps,.jpeg,.jbig2,.jb2,.PDF,.PNG,.JPG,.JPE
G,.JBIG2,.JB2,.eps]
(grfext)             \AppendGraphicsExtensions on input line 456.

(c:/texlive/2018/texmf-dist/tex/latex/latexconfig/epstopdf-sys.cfg
File: epstopdf-sys.cfg 2010/07/13 v1.3 Configuration of (r)epstopdf for TeX Liv
e
)))
(./sec/notation.tex
\c@theorem=\count307
\c@remark=\count308
\c@definition=\count309
\c@example=\count310
)) (./ds_tsp_jrnl.aux)
\openout1 = `ds_tsp_jrnl.aux'.

LaTeX Font Info:    Checking defaults for OML/cmm/m/it on input line 4.
LaTeX Font Info:    ... okay on input line 4.
LaTeX Font Info:    Checking defaults for T1/cmr/m/n on input line 4.
LaTeX Font Info:    ... okay on input line 4.
LaTeX Font Info:    Checking defaults for OT1/cmr/m/n on input line 4.
LaTeX Font Info:    ... okay on input line 4.
LaTeX Font Info:    Checking defaults for OMS/cmsy/m/n on input line 4.
LaTeX Font Info:    ... okay on input line 4.
LaTeX Font Info:    Checking defaults for OMX/cmex/m/n on input line 4.
LaTeX Font Info:    ... okay on input line 4.
LaTeX Font Info:    Checking defaults for U/cmr/m/n on input line 4.
LaTeX Font Info:    ... okay on input line 4.
LaTeX Font Info:    Checking defaults for PD1/pdf/m/n on input line 4.
LaTeX Font Info:    ... okay on input line 4.
LaTeX Font Info:    Font shape `T1/ptm/bx/n' in size <5> not available
(Font)              Font shape `T1/ptm/b/n' tried instead on input line 4.
LaTeX Font Info:    Font shape `T1/ptm/bx/it' in size <5> not available
(Font)              Font shape `T1/ptm/b/it' tried instead on input line 4.
LaTeX Font Info:    Font shape `T1/ptm/bx/n' in size <7> not available
(Font)              Font shape `T1/ptm/b/n' tried instead on input line 4.
LaTeX Font Info:    Font shape `T1/ptm/bx/it' in size <7> not available
(Font)              Font shape `T1/ptm/b/it' tried instead on input line 4.
LaTeX Font Info:    Font shape `T1/ptm/bx/n' in size <8> not available
(Font)              Font shape `T1/ptm/b/n' tried instead on input line 4.
LaTeX Font Info:    Font shape `T1/ptm/bx/it' in size <8> not available
(Font)              Font shape `T1/ptm/b/it' tried instead on input line 4.
LaTeX Font Info:    Font shape `T1/ptm/bx/n' in size <9> not available
(Font)              Font shape `T1/ptm/b/n' tried instead on input line 4.
LaTeX Font Info:    Font shape `T1/ptm/bx/it' in size <9> not available
(Font)              Font shape `T1/ptm/b/it' tried instead on input line 4.
LaTeX Font Info:    Font shape `T1/ptm/bx/n' in size <10> not available
(Font)              Font shape `T1/ptm/b/n' tried instead on input line 4.
LaTeX Font Info:    Font shape `T1/ptm/bx/it' in size <10> not available
(Font)              Font shape `T1/ptm/b/it' tried instead on input line 4.
LaTeX Font Info:    Font shape `T1/ptm/bx/n' in size <11> not available
(Font)              Font shape `T1/ptm/b/n' tried instead on input line 4.
LaTeX Font Info:    Font shape `T1/ptm/bx/it' in size <11> not available
(Font)              Font shape `T1/ptm/b/it' tried instead on input line 4.
LaTeX Font Info:    Font shape `T1/ptm/bx/n' in size <12> not available
(Font)              Font shape `T1/ptm/b/n' tried instead on input line 4.
LaTeX Font Info:    Font shape `T1/ptm/bx/it' in size <12> not available
(Font)              Font shape `T1/ptm/b/it' tried instead on input line 4.
LaTeX Font Info:    Font shape `T1/ptm/bx/n' in size <17> not available
(Font)              Font shape `T1/ptm/b/n' tried instead on input line 4.
LaTeX Font Info:    Font shape `T1/ptm/bx/it' in size <17> not available
(Font)              Font shape `T1/ptm/b/it' tried instead on input line 4.
LaTeX Font Info:    Font shape `T1/ptm/bx/n' in size <20> not available
(Font)              Font shape `T1/ptm/b/n' tried instead on input line 4.
LaTeX Font Info:    Font shape `T1/ptm/bx/it' in size <20> not available
(Font)              Font shape `T1/ptm/b/it' tried instead on input line 4.
LaTeX Font Info:    Font shape `T1/ptm/bx/n' in size <24> not available
(Font)              Font shape `T1/ptm/b/n' tried instead on input line 4.
LaTeX Font Info:    Font shape `T1/ptm/bx/it' in size <24> not available
(Font)              Font shape `T1/ptm/b/it' tried instead on input line 4.

-- Lines per column: 58 (exact).
LaTeX Info: Redefining \microtypecontext on input line 4.
Package microtype Info: Generating PDF output.
Package microtype Info: Character protrusion enabled (level 2).
Package microtype Info: Using default protrusion set `alltext'.
Package microtype Info: Automatic font expansion enabled (level 2),
(microtype)             stretch: 20, shrink: 20, step: 1, non-selected.
Package microtype Info: Using default expansion set `basictext'.
Package microtype Info: No adjustment of tracking.
Package microtype Info: No adjustment of interword spacing.
Package microtype Info: No adjustment of character kerning.
(c:/texlive/2018/texmf-dist/tex/latex/microtype/mt-ptm.cfg
File: mt-ptm.cfg 2006/04/20 v1.7 microtype config. file: Times (RS)
)
(c:/texlive/2018/texmf-dist/tex/context/base/mkii/supp-pdf.mkii
[Loading MPS to PDF converter (version 2006.09.02).]
\scratchcounter=\count311
\scratchdimen=\dimen269
\scratchbox=\box59
\nofMPsegments=\count312
\nofMParguments=\count313
\everyMPshowfont=\toks34
\MPscratchCnt=\count314
\MPscratchDim=\dimen270
\MPnumerator=\count315
\makeMPintoPDFobject=\count316
\everyMPtoPDFconversion=\toks35
)
\AtBeginShipoutBox=\box60
Package hyperref Info: Link coloring OFF on input line 4.
 (c:/texlive/2018/texmf-dist/tex/latex/hyperref/nameref.sty
Package: nameref 2016/05/21 v2.44 Cross-referencing by name of section

(c:/texlive/2018/texmf-dist/tex/generic/oberdiek/gettitlestring.sty
Package: gettitlestring 2016/05/16 v1.5 Cleanup title references (HO)
)
\c@section@level=\count317
)
LaTeX Info: Redefining \ref on input line 4.
LaTeX Info: Redefining \pageref on input line 4.
LaTeX Info: Redefining \nameref on input line 4.

(./ds_tsp_jrnl.out) (./ds_tsp_jrnl.out)
\@outlinefile=\write3
\openout3 = `ds_tsp_jrnl.out'.

Package caption Info: Begin \AtBeginDocument code.
Package caption Info: float package is loaded.
Package caption Info: floatflt package is loaded.
Package caption Info: rotating package is loaded.
Package caption Info: End \AtBeginDocument code.
 (./sec/header.tex) (./sec/abstract.tex) (./sec/intro.tex (c:/texlive/2018/texm
f-dist/tex/latex/microtype/mt-cmr.cfg
File: mt-cmr.cfg 2013/05/19 v2.2 microtype config. file: Computer Modern Roman 
(RS)
)
LaTeX Font Info:    Try loading font information for U+msa on input line 2.

(c:/texlive/2018/texmf-dist/tex/latex/amsfonts/umsa.fd
File: umsa.fd 2013/01/14 v3.01 AMS symbols A
)
(c:/texlive/2018/texmf-dist/tex/latex/microtype/mt-msa.cfg
File: mt-msa.cfg 2006/02/04 v1.1 microtype config. file: AMS symbols (a) (RS)
)
LaTeX Font Info:    Try loading font information for U+msb on input line 2.

(c:/texlive/2018/texmf-dist/tex/latex/amsfonts/umsb.fd
File: umsb.fd 2013/01/14 v3.01 AMS symbols B
)
(c:/texlive/2018/texmf-dist/tex/latex/microtype/mt-msb.cfg
File: mt-msb.cfg 2005/06/01 v1.0 microtype config. file: AMS symbols (b) (RS)
)

pdfTeX warning: pdflatex.exe (file ./img/concept.pdf): PDF inclusion: found PDF
 version <1.6>, but at most version <1.5> allowed
<./img/concept.pdf, id=159, 576.71478pt x 388.79552pt>
File: ./img/concept.pdf Graphic file (type pdf)
<use ./img/concept.pdf>
Package pdftex.def Info: ./img/concept.pdf  used on input line 20.
(pdftex.def)             Requested size: 173.01576pt x 116.63956pt.
[1{c:/texlive/2018/texmf-var/fonts/map/pdftex/updmap/pdftex.map}


 <./img/concept.pdf, page is rotated 90 degrees>] [2]

pdfTeX warning: pdflatex.exe (file ./img/sc.pdf): PDF inclusion: found PDF vers
ion <1.6>, but at most version <1.5> allowed
<./img/sc.pdf, id=294, 275.28346pt x 278.67311pt>
File: ./img/sc.pdf Graphic file (type pdf)
<use ./img/sc.pdf>
Package pdftex.def Info: ./img/sc.pdf  used on input line 132.
(pdftex.def)             Requested size: 103.19843pt x 104.46814pt.

Underfull \hbox (badness 7814) in paragraph at lines 133--133
[]\T1/ptm/m/n/9 (+20) (a) |Struc-tural Co-her-ence
 []



pdfTeX warning: pdflatex.exe (file ./img/deric.pdf): PDF inclusion: found PDF v
ersion <1.6>, but at most version <1.5> allowed
<./img/deric.pdf, id=295, 281.38527pt x 279.35167pt>
File: ./img/deric.pdf Graphic file (type pdf)
<use ./img/deric.pdf>
Package pdftex.def Info: ./img/deric.pdf  used on input line 137.
(pdftex.def)             Requested size: 103.19843pt x 102.45056pt.

LaTeX Warning: `h' float specifier changed to `ht'.

) (./sec/prob.tex
Overfull \hbox (15.29839pt too wide) in alignment at lines 25--27
 [][][] []
 []

[3 <./img/sc.pdf, page is rotated 90 degrees> <./img/deric.pdf, page is rotated
 90 degrees>]
Overfull \hbox (7.41353pt too wide) detected at line 80
[]
 []

) (./sec/re.tex
Underfull \hbox (badness 1990) in paragraph at lines 25--32
[][]\T1/ptm/m/it/10 (+20) Definition 2 (Struc-tural Co-her-ence (SC) [[]], [[]]
):
 []


Underfull \hbox (badness 5036) in paragraph at lines 25--32
[]\T1/ptm/m/n/10 (+20) Con-sider a su-per-po-si-tion model of the form $\OML/cm
m/m/it/10 y \OT1/cmr/m/n/10 =
 []


Underfull \hbox (badness 5878) in paragraph at lines 42--45
[][]\T1/ptm/m/it/10 (+20) Definition 3 (DAta SHar-ing In-co-her-ence con-di-tio
N
 []

[4pdfTeX warning (ext4): destination with the same identifier (name{equation.2.
10}) has been already used, duplicate ignored

\AtBegShi@Output ...ipout \box \AtBeginShipoutBox 
                                                  \fi \fi 
l.63 	\label
            {prop:super}]

LaTeX Warning: No positions in optional float specifier.
               Default added (so using `tbp') on input line 90.

LaTeX Font Info:    Try loading font information for U+bbm on input line 117.
(c:/texlive/2018/texmf-dist/tex/latex/bbm-macros/ubbm.fd
File: ubbm.fd 1999/03/15 V 1.2 Font definition for bbm font - TH
)
Underfull \vbox (badness 10000) has occurred while \output is active []

pdfTeX warning (ext4): destination with the same identifier (name{equation.3.12
}) has been already used, duplicate ignored
<to be read again> 
                   \relax 
l.130 \end{align}
                 

Package hyperref Warning: Token not allowed in a PDF string (PDFDocEncoding):
(hyperref)                removing `math shift' on input line 134.


Package hyperref Warning: Token not allowed in a PDF string (PDFDocEncoding):
(hyperref)                removing `subscript' on input line 134.


Package hyperref Warning: Token not allowed in a PDF string (PDFDocEncoding):
(hyperref)                removing `math shift' on input line 134.


Package hyperref Warning: Token not allowed in a PDF string (PDFDocEncoding):
(hyperref)                removing `math shift' on input line 148.


Package hyperref Warning: Token not allowed in a PDF string (PDFDocEncoding):
(hyperref)                removing `subscript' on input line 148.


Package hyperref Warning: Token not allowed in a PDF string (PDFDocEncoding):
(hyperref)                removing `math shift' on input line 148.


Overfull \hbox (3.25629pt too wide) detected at line 168
[]
 []

[5]
Overfull \hbox (1.35019pt too wide) detected at line 181
[]
 []


Overfull \hbox (1.27968pt too wide) detected at line 205
[]
 []

) (./sec/bound.tex
Overfull \hbox (2.36981pt too wide) in alignment at lines 12--16
 [][][] []
 []


Overfull \hbox (22.08606pt too wide) in alignment at lines 22--27
 [][][] []
 []


Overfull \hbox (26.704pt too wide) in alignment at lines 32--34
 [][][] []
 []


Underfull \hbox (badness 2126) in paragraph at lines 43--46
\T1/ptm/m/n/10 (+20) Therefore, in-di-vid-ual er-rors are bounded as $\OMS/cmsy
/m/n/10 k\OML/cmm/b/it/10 ^^N[]\OMS/cmsy/m/n/10 k[] \OT1/cmr/m/n/10 =
 []


Overfull \hbox (1.85915pt too wide) detected at line 56
[]
 []

[6pdfTeX warning (ext4): destination with the same identifier (name{equation.4.
15}) has been already used, duplicate ignored

\AtBegShi@Output ...ipout \box \AtBeginShipoutBox 
                                                  \fi \fi 
l.81 	\item $
             e_g(\tau) \triangleq  c_g\sqrt{(2k_w^2 + 1)k_x^2n_g} \left(\ome...
]
Overfull \hbox (1.40979pt too wide) detected at line 97
[]
 []


Underfull \hbox (badness 10000) in paragraph at lines 100--102
[][]\T1/ptm/m/it/10 (+20) Lemma 8: []\T1/ptm/m/n/10 (+20) For $\OT1/cmr/bx/n/10
 x[]$ \T1/ptm/m/n/10 (+20) and $\OML/cmm/m/it/10 ![]$ \T1/ptm/m/n/10 (+20) de-f
ined in Def-i-
 []


Underfull \hbox (badness 7759) in paragraph at lines 100--102
\T1/ptm/m/n/10 (+20) ni-tion []1[] and $\OML/cmm/m/it/10 ^^\ > \OT1/cmr/m/n/10 
0$\T1/ptm/m/n/10 (+20) , with prob-a-bil-ity at least
 []


Overfull \hbox (2.12164pt too wide) detected at line 106
[]
 []

) (./sec/opt.tex
Package hyperref Info: bookmark level for unknown algorithm defaults to 0 on in
put line 7.

Overfull \hbox (7.01398pt too wide) in paragraph at lines 16--22
[] []$\OML/cmm/b/it/8 ^^L[] \OT1/cmr/m/n/8 = ^^E[] []$ 
 []


Overfull \hbox (13.12425pt too wide) in paragraph at lines 56--58
\T1/ptm/m/n/10 (-20) where $\OML/cmm/m/it/9 ^^Z \U/msa/m/n/9 , [] []$\T1/ptm/m/
n/10 (-20) . 
 []


Overfull \hbox (6.24258pt too wide) detected at line 71
[]
 []


Underfull \vbox (badness 4391) has occurred while \output is active []

 [7pdfTeX warning (ext4): destination with the same identifier (name{equation.5
.19}) has been already used, duplicate ignored

\AtBegShi@Output ...ipout \box \AtBeginShipoutBox 
                                                  \fi \fi 
l.96 	\eea
          }	]
Overfull \hbox (3.77312pt too wide) detected at line 138
[]
 []


Overfull \hbox (1.955pt too wide) detected at line 200
[]
 []


Underfull \vbox (badness 10000) has occurred while \output is active []

 [8pdfTeX warning (ext4): destination with the same identifier (name{equation.5
.21}) has been already used, duplicate ignored

\AtBegShi@Output ...ipout \box \AtBeginShipoutBox 
                                                  \fi \fi 
l.200 	\end{align}
                  ]
Overfull \hbox (10.13264pt too wide) detected at line 215
[]
 []


Overfull \hbox (5.0117pt too wide) in alignment at lines 217--228
 [][][] []
 []

) (./sec/exp.tex
<./img/betag_converge_G10_p100.pdf, id=552, 722.7pt x 578.16pt>
File: ./img/betag_converge_G10_p100.pdf Graphic file (type pdf)
<use ./img/betag_converge_G10_p100.pdf>
Package pdftex.def Info: ./img/betag_converge_G10_p100.pdf  used on input line 
4.
(pdftex.def)             Requested size: 112.22937pt x 89.78148pt.
<./img/betag_converge_noise_G10_p100.pdf, id=553, 722.7pt x 578.16pt>
File: ./img/betag_converge_noise_G10_p100.pdf Graphic file (type pdf)
<use ./img/betag_converge_noise_G10_p100.pdf>
Package pdftex.def Info: ./img/betag_converge_noise_G10_p100.pdf  used on input
 line 8.
(pdftex.def)             Requested size: 112.22937pt x 89.78148pt.
<./img/betag_converge_G10_p100_fast.pdf, id=554, 722.7pt x 578.16pt>
File: ./img/betag_converge_G10_p100_fast.pdf Graphic file (type pdf)
<use ./img/betag_converge_G10_p100_fast.pdf>
Package pdftex.def Info: ./img/betag_converge_G10_p100_fast.pdf  used on input 
line 13.
(pdftex.def)             Requested size: 112.22937pt x 89.78148pt.
<./img/betag_converge_G100_p1000_shrink.pdf, id=555, 722.7pt x 578.16pt>
File: ./img/betag_converge_G100_p1000_shrink.pdf Graphic file (type pdf)
<use ./img/betag_converge_G100_p1000_shrink.pdf>
Package pdftex.def Info: ./img/betag_converge_G100_p1000_shrink.pdf  used on in
put line 17.
(pdftex.def)             Requested size: 112.22937pt x 89.78148pt.
) (./sec/conc.tex) [9 <./img/betag_converge_G10_p100.pdf> <./img/betag_converge
_noise_G10_p100.pdf

pdfTeX warning: pdflatex.exe (file ./img/betag_converge_noise_G10_p100.pdf): PD
F inclusion: multiple pdfs with page group included in a single page
> <./img/betag_converge_G10_p100_fast.pdf

pdfTeX warning: pdflatex.exe (file ./img/betag_converge_G10_p100_fast.pdf): PDF
 inclusion: multiple pdfs with page group included in a single page
> <./img/betag_converge_G100_p1000_shrink.pdf

pdfTeX warning: pdflatex.exe (file ./img/betag_converge_G100_p1000_shrink.pdf):
 PDF inclusion: multiple pdfs with page group included in a single page
>] (./ds_tsp_jrnl.bbl
LaTeX Font Info:    Try loading font information for OMS+ptm on input line 57.
 (c:/texlive/2018/texmf-dist/tex/latex/psnfss/omsptm.fd
File: omsptm.fd 
)
LaTeX Font Info:    Font shape `OMS/ptm/m/it' in size <8> not available
(Font)              Font shape `OMS/cmsy/m/n' tried instead on input line 57.
LaTeX Font Info:    Font shape `OMS/ptm/m/n' in size <8> not available
(Font)              Font shape `OMS/cmsy/m/n' tried instead on input line 57.

** WARNING: IEEEtran.bst: No hyphenation pattern has been
** loaded for the language `en'. Using the pattern for
** the default language instead.
** WARNING: IEEEtran.bst: No hyphenation pattern has been
** loaded for the language `en'. Using the pattern for
** the default language instead.
** WARNING: IEEEtran.bst: No hyphenation pattern has been
** loaded for the language `en'. Using the pattern for
** the default language instead.
** WARNING: IEEEtran.bst: No hyphenation pattern has been
** loaded for the language `en'. Using the pattern for
** the default language instead.
** WARNING: IEEEtran.bst: No hyphenation pattern has been
** loaded for the language `en'. Using the pattern for
** the default language instead.
** WARNING: IEEEtran.bst: No hyphenation pattern has been
** loaded for the language `en'. Using the pattern for
** the default language instead.
[10]) [11

] (./sec/proofs.tex [12

] [13pdfTeX warning (ext4): destination with the same identifier (name{equation
.8.27}) has been already used, duplicate ignored

\AtBegShi@Output ...ipout \box \AtBeginShipoutBox 
                                                  \fi \fi 
l.155 \subsection
                 {Proof of Lemma \ref{lemm:secTerm}}pdfTeX warning (ext4): dest
ination with the same identifier (name{equation.8.27}) has been already used, d
uplicate ignored

\AtBegShi@Output ...ipout \box \AtBeginShipoutBox 
                                                  \fi \fi 
l.155 \subsection
                 {Proof of Lemma \ref{lemm:secTerm}}pdfTeX warning (ext4): dest
ination with the same identifier (name{equation.8.27}) has been already used, d
uplicate ignored

\AtBegShi@Output ...ipout \box \AtBeginShipoutBox 
                                                  \fi \fi 
l.155 \subsection
                 {Proof of Lemma \ref{lemm:secTerm}}pdfTeX warning (ext4): dest
ination with the same identifier (name{equation.8.27}) has been already used, d
uplicate ignored

\AtBegShi@Output ...ipout \box \AtBeginShipoutBox 
                                                  \fi \fi 
l.155 \subsection
                 {Proof of Lemma \ref{lemm:secTerm}}]

pdfTeX warning: pdflatex.exe (file ./img/funcs.pdf): PDF inclusion: found PDF v
ersion <1.6>, but at most version <1.5> allowed
<./img/funcs.pdf, id=864, 154.27637pt x 91.16359pt>
File: ./img/funcs.pdf Graphic file (type pdf)
<use ./img/funcs.pdf>
Package pdftex.def Info: ./img/funcs.pdf  used on input line 170.
(pdftex.def)             Requested size: 258.0pt x 152.48048pt.

Underfull \vbox (badness 1565) has occurred while \output is active []

 [14pdfTeX warning (ext4): destination with the same identifier (name{equation.
8.29}) has been already used, duplicate ignored

\AtBegShi@Output ...ipout \box \AtBeginShipoutBox 
                                                  \fi \fi 
l.213 	\ee
           <./img/funcs.pdf, page is rotated 90 degrees>]pdfTeX warning (ext4):
 destination with the same identifier (name{equation.8.29}) has been already us
ed, duplicate ignored
<to be read again> 
                   \relax 
l.232 	\eea
            } [15pdfTeX warning (ext4): destination with the same identifier (n
ame{equation.8.29}) has been already used, duplicate ignored

\AtBegShi@Output ...ipout \box \AtBeginShipoutBox 
                                                  \fi \fi 
l.279 	\be
          pdfTeX warning (ext4): destination with the same identifier (name{equ
ation.8.30}) has been already used, duplicate ignored

\AtBegShi@Output ...ipout \box \AtBeginShipoutBox 
                                                  \fi \fi 
l.279 	\be
          pdfTeX warning (ext4): destination with the same identifier (name{equ
ation.8.30}) has been already used, duplicate ignored

\AtBegShi@Output ...ipout \box \AtBeginShipoutBox 
                                                  \fi \fi 
l.279 	\be
          ]
Underfull \hbox (badness 3895) in paragraph at lines 329--337
\T1/ptm/m/n/10 (+20) Now we up-per bound the er-ror of com-mon pa-ram-e-ter. Re
-mem-ber com-mon pa-ram-e-ter's up-date: $\OML/cmm/b/it/10 ^^L[] \OT1/cmr/m/n/1
0 =
 []

[16pdfTeX warning (ext4): destination with the same identifier (name{equation.8
.32}) has been already used, duplicate ignored

\AtBegShi@Output ...ipout \box \AtBeginShipoutBox 
                                                  \fi \fi 
l.357 	\eea
           pdfTeX warning (ext4): destination with the same identifier (name{eq
uation.8.32}) has been already used, duplicate ignored

\AtBegShi@Output ...ipout \box \AtBeginShipoutBox 
                                                  \fi \fi 
l.357 	\eea
           pdfTeX warning (ext4): destination with the same identifier (name{eq
uation.8.32}) has been already used, duplicate ignored

\AtBegShi@Output ...ipout \box \AtBeginShipoutBox 
                                                  \fi \fi 
l.357 	\eea
           ]

Package hyperref Warning: Token not allowed in a PDF string (PDFDocEncoding):
(hyperref)                removing `math shift' on input line 393.


Package hyperref Warning: Token not allowed in a PDF string (PDFDocEncoding):
(hyperref)                removing `\rho' on input line 393.


Package hyperref Warning: Token not allowed in a PDF string (PDFDocEncoding):
(hyperref)                removing `subscript' on input line 393.


Package hyperref Warning: Token not allowed in a PDF string (PDFDocEncoding):
(hyperref)                removing `\mu' on input line 393.


Package hyperref Warning: Token not allowed in a PDF string (PDFDocEncoding):
(hyperref)                removing `subscript' on input line 393.


Package hyperref Warning: Token not allowed in a PDF string (PDFDocEncoding):
(hyperref)                removing `math shift' on input line 393.

[17pdfTeX warning (ext4): destination with the same identifier (name{equation.8
.34}) has been already used, duplicate ignored

\AtBegShi@Output ...ipout \box \AtBeginShipoutBox 
                                                  \fi \fi 
l.397 	\ee
          pdfTeX warning (ext4): destination with the same identifier (name{equ
ation.8.34}) has been already used, duplicate ignored

\AtBegShi@Output ...ipout \box \AtBeginShipoutBox 
                                                  \fi \fi 
l.397 	\ee
          ]pdfTeX warning (ext4): destination with the same identifier (name{eq
uation.8.34}) has been already used, duplicate ignored
<to be read again> 
                   \relax 
l.400 	\be
          pdfTeX warning (ext4): destination with the same identifier (name{equ
ation.8.34}) has been already used, duplicate ignored
<to be read again> 
                   \relax 
l.400 	\be
          pdfTeX warning (ext4): destination with the same identifier (name{equ
ation.8.34}) has been already used, duplicate ignored
<to be read again> 
                   \relax 
l.400 	\be
          pdfTeX warning (ext4): destination with the same identifier (name{equ
ation.8.34}) has been already used, duplicate ignored
<to be read again> 
                   \relax 
l.400 	\be
          pdfTeX warning (ext4): destination with the same identifier (name{equ
ation.8.34}) has been already used, duplicate ignored
<to be read again> 
                   \relax 
l.423 	\be
          pdfTeX warning (ext4): destination with the same identifier (name{equ
ation.8.34}) has been already used, duplicate ignored
<to be read again> 
                   \relax 
l.423 	\be
          pdfTeX warning (ext4): destination with the same identifier (name{equ
ation.8.34}) has been already used, duplicate ignored
<to be read again> 
                   \relax 
l.423 	\be
          pdfTeX warning (ext4): destination with the same identifier (name{equ
ation.8.34}) has been already used, duplicate ignored
<to be read again> 
                   \relax 
l.423 	\be
          

Package hyperref Warning: Token not allowed in a PDF string (PDFDocEncoding):
(hyperref)                removing `math shift' on input line 486.


Package hyperref Warning: Token not allowed in a PDF string (PDFDocEncoding):
(hyperref)                removing `\eta' on input line 486.


Package hyperref Warning: Token not allowed in a PDF string (PDFDocEncoding):
(hyperref)                removing `subscript' on input line 486.


Package hyperref Warning: Token not allowed in a PDF string (PDFDocEncoding):
(hyperref)                removing `\mu' on input line 486.


Package hyperref Warning: Token not allowed in a PDF string (PDFDocEncoding):
(hyperref)                removing `subscript' on input line 486.


Package hyperref Warning: Token not allowed in a PDF string (PDFDocEncoding):
(hyperref)                removing `math shift' on input line 486.


Package hyperref Warning: Token not allowed in a PDF string (PDFDocEncoding):
(hyperref)                removing `math shift' on input line 494.


Package hyperref Warning: Token not allowed in a PDF string (PDFDocEncoding):
(hyperref)                removing `\phi' on input line 494.


Package hyperref Warning: Token not allowed in a PDF string (PDFDocEncoding):
(hyperref)                removing `subscript' on input line 494.


Package hyperref Warning: Token not allowed in a PDF string (PDFDocEncoding):
(hyperref)                removing `\mu' on input line 494.


Package hyperref Warning: Token not allowed in a PDF string (PDFDocEncoding):
(hyperref)                removing `subscript' on input line 494.


Package hyperref Warning: Token not allowed in a PDF string (PDFDocEncoding):
(hyperref)                removing `math shift' on input line 494.

pdfTeX warning (ext4): destination with the same identifier (name{equation.8.34
}) has been already used, duplicate ignored
<to be read again> 
                   \relax 
l.495 	\be
          pdfTeX warning (ext4): destination with the same identifier (name{equ
ation.8.34}) has been already used, duplicate ignored
<to be read again> 
                   \relax 
l.495 	\be
          pdfTeX warning (ext4): destination with the same identifier (name{equ
ation.8.34}) has been already used, duplicate ignored
<to be read again> 
                   \relax 
l.495 	\be
          pdfTeX warning (ext4): destination with the same identifier (name{equ
ation.8.34}) has been already used, duplicate ignored
<to be read again> 
                   \relax 
l.495 	\be
          pdfTeX warning (ext4): destination with the same identifier (name{equ
ation.8.34}) has been already used, duplicate ignored
<to be read again> 
                   \relax 
l.500 	\be
          pdfTeX warning (ext4): destination with the same identifier (name{equ
ation.8.34}) has been already used, duplicate ignored
<to be read again> 
                   \relax 
l.500 	\be
          pdfTeX warning (ext4): destination with the same identifier (name{equ
ation.8.34}) has been already used, duplicate ignored
<to be read again> 
                   \relax 
l.500 	\be
          pdfTeX warning (ext4): destination with the same identifier (name{equ
ation.8.34}) has been already used, duplicate ignored
<to be read again> 
                   \relax 
l.500 	\be
          pdfTeX warning (ext4): destination with the same identifier (name{equ
ation.8.34}) has been already used, duplicate ignored
<to be read again> 
                   \relax 
l.506 	\be
          pdfTeX warning (ext4): destination with the same identifier (name{equ
ation.8.34}) has been already used, duplicate ignored
<to be read again> 
                   \relax 
l.506 	\be
          pdfTeX warning (ext4): destination with the same identifier (name{equ
ation.8.34}) has been already used, duplicate ignored
<to be read again> 
                   \relax 
l.506 	\be
          pdfTeX warning (ext4): destination with the same identifier (name{equ
ation.8.34}) has been already used, duplicate ignored
<to be read again> 
                   \relax 
l.506 	\be
          pdfTeX warning (ext4): destination with the same identifier (name{equ
ation.8.34}) has been already used, duplicate ignored
<to be read again> 
                   \relax 
l.518 	\be
          pdfTeX warning (ext4): destination with the same identifier (name{equ
ation.8.34}) has been already used, duplicate ignored
<to be read again> 
                   \relax 
l.518 	\be
          pdfTeX warning (ext4): destination with the same identifier (name{equ
ation.8.34}) has been already used, duplicate ignored
<to be read again> 
                   \relax 
l.518 	\be
          pdfTeX warning (ext4): destination with the same identifier (name{equ
ation.8.34}) has been already used, duplicate ignored
<to be read again> 
                   \relax 
l.518 	\be
           [18pdfTeX warning (ext4): destination with the same identifier (name
{equation.8.34}) has been already used, duplicate ignored

\AtBegShi@Output ...ipout \box \AtBeginShipoutBox 
                                                  \fi \fi 
l.528 	\ee
          ]pdfTeX warning (ext4): destination with the same identifier (name{eq
uation.8.34}) has been already used, duplicate ignored
<to be read again> 
                   \relax 
l.536 	\be
          pdfTeX warning (ext4): destination with the same identifier (name{equ
ation.8.34}) has been already used, duplicate ignored
<to be read again> 
                   \relax 
l.536 	\be
          pdfTeX warning (ext4): destination with the same identifier (name{equ
ation.8.34}) has been already used, duplicate ignored
<to be read again> 
                   \relax 
l.536 	\be
          pdfTeX warning (ext4): destination with the same identifier (name{equ
ation.8.34}) has been already used, duplicate ignored
<to be read again> 
                   \relax 
l.536 	\be
          pdfTeX warning (ext4): destination with the same identifier (name{equ
ation.8.34}) has been already used, duplicate ignored
<to be read again> 
                   \relax 
l.562 	\be
          pdfTeX warning (ext4): destination with the same identifier (name{equ
ation.8.34}) has been already used, duplicate ignored
<to be read again> 
                   \relax 
l.562 	\be
          pdfTeX warning (ext4): destination with the same identifier (name{equ
ation.8.34}) has been already used, duplicate ignored
<to be read again> 
                   \relax 
l.562 	\be
          pdfTeX warning (ext4): destination with the same identifier (name{equ
ation.8.34}) has been already used, duplicate ignored
<to be read again> 
                   \relax 
l.562 	\be
          pdfTeX warning (ext4): destination with the same identifier (name{equ
ation.8.34}) has been already used, duplicate ignored
<to be read again> 
                   \relax 
l.572 	\be
          pdfTeX warning (ext4): destination with the same identifier (name{equ
ation.8.34}) has been already used, duplicate ignored
<to be read again> 
                   \relax 
l.572 	\be
          pdfTeX warning (ext4): destination with the same identifier (name{equ
ation.8.34}) has been already used, duplicate ignored
<to be read again> 
                   \relax 
l.572 	\be
          pdfTeX warning (ext4): destination with the same identifier (name{equ
ation.8.34}) has been already used, duplicate ignored
<to be read again> 
                   \relax 
l.572 	\be
          pdfTeX warning (ext4): destination with the same identifier (name{equ
ation.8.34}) has been already used, duplicate ignored
<to be read again> 
                   \relax 
l.577 	\be
          pdfTeX warning (ext4): destination with the same identifier (name{equ
ation.8.34}) has been already used, duplicate ignored
<to be read again> 
                   \relax 
l.577 	\be
          pdfTeX warning (ext4): destination with the same identifier (name{equ
ation.8.34}) has been already used, duplicate ignored
<to be read again> 
                   \relax 
l.577 	\be
          pdfTeX warning (ext4): destination with the same identifier (name{equ
ation.8.34}) has been already used, duplicate ignored
<to be read again> 
                   \relax 
l.577 	\be
          )
Package atveryend Info: Empty hook `BeforeClearDocument' on input line 82.
 [19]
Package atveryend Info: Empty hook `AfterLastShipout' on input line 82.
 (./ds_tsp_jrnl.aux)
Package atveryend Info: Executing hook `AtVeryEndDocument' on input line 82.
Package atveryend Info: Executing hook `AtEndAfterFileList' on input line 82.
Package rerunfilecheck Info: File `ds_tsp_jrnl.out' has not changed.
(rerunfilecheck)             Checksum: F7FE39AF8AB7B3C33E8B423297D8873C;2176.
Package atveryend Info: Empty hook `AtVeryVeryEnd' on input line 82.
 ) 
Here is how much of TeX's memory you used:
 21962 strings out of 492616
 378209 string characters out of 6132783
 655044 words of memory out of 5000000
 24986 multiletter control sequences out of 15000+600000
 682563 words of font info for 445 fonts, out of 8000000 for 9000
 1141 hyphenation exceptions out of 8191
 42i,16n,63p,1864b,734s stack positions out of 5000i,500n,10000p,200000b,80000s
 <c:/Users/amira/.texlive2018/texmf-var/fonts/pk/ljfour/public/bbm/bbm10.600p
k> <c:/Users/amira/.texlive2018/texmf-var/fonts/pk/ljfour/public/bbm/bbm9.600pk
>{c:/texlive/2018/texmf-dist/fonts/enc/dvips/base/8r.enc}<c:/texlive/2018/texmf
-dist/fonts/type1/public/amsfonts/cm/cmbx10.pfb><c:/texlive/2018/texmf-dist/fon
ts/type1/public/amsfonts/cm/cmbx6.pfb><c:/texlive/2018/texmf-dist/fonts/type1/p
ublic/amsfonts/cm/cmbx7.pfb><c:/texlive/2018/texmf-dist/fonts/type1/public/amsf
onts/cm/cmbx8.pfb><c:/texlive/2018/texmf-dist/fonts/type1/public/amsfonts/cm/cm
bx9.pfb><c:/texlive/2018/texmf-dist/fonts/type1/public/amsfonts/cm/cmex10.pfb><
c:/texlive/2018/texmf-dist/fonts/type1/public/amsfonts/cmextra/cmex8.pfb><c:/te
xlive/2018/texmf-dist/fonts/type1/public/amsfonts/cmextra/cmex9.pfb><c:/texlive
/2018/texmf-dist/fonts/type1/public/amsfonts/cm/cmmi10.pfb><c:/texlive/2018/tex
mf-dist/fonts/type1/public/amsfonts/cm/cmmi5.pfb><c:/texlive/2018/texmf-dist/fo
nts/type1/public/amsfonts/cm/cmmi6.pfb><c:/texlive/2018/texmf-dist/fonts/type1/
public/amsfonts/cm/cmmi7.pfb><c:/texlive/2018/texmf-dist/fonts/type1/public/ams
fonts/cm/cmmi8.pfb><c:/texlive/2018/texmf-dist/fonts/type1/public/amsfonts/cm/c
mmi9.pfb><c:/texlive/2018/texmf-dist/fonts/type1/public/amsfonts/cm/cmmib10.pfb
><c:/texlive/2018/texmf-dist/fonts/type1/public/amsfonts/cmextra/cmmib6.pfb><c:
/texlive/2018/texmf-dist/fonts/type1/public/amsfonts/cmextra/cmmib7.pfb><c:/tex
live/2018/texmf-dist/fonts/type1/public/amsfonts/cmextra/cmmib8.pfb><c:/texlive
/2018/texmf-dist/fonts/type1/public/amsfonts/cmextra/cmmib9.pfb><c:/texlive/201
8/texmf-dist/fonts/type1/public/amsfonts/cm/cmr10.pfb><c:/texlive/2018/texmf-di
st/fonts/type1/public/amsfonts/cm/cmr5.pfb><c:/texlive/2018/texmf-dist/fonts/ty
pe1/public/amsfonts/cm/cmr6.pfb><c:/texlive/2018/texmf-dist/fonts/type1/public/
amsfonts/cm/cmr7.pfb><c:/texlive/2018/texmf-dist/fonts/type1/public/amsfonts/cm
/cmr8.pfb><c:/texlive/2018/texmf-dist/fonts/type1/public/amsfonts/cm/cmr9.pfb><
c:/texlive/2018/texmf-dist/fonts/type1/public/amsfonts/cm/cmsy10.pfb><c:/texliv
e/2018/texmf-dist/fonts/type1/public/amsfonts/cm/cmsy5.pfb><c:/texlive/2018/tex
mf-dist/fonts/type1/public/amsfonts/cm/cmsy6.pfb><c:/texlive/2018/texmf-dist/fo
nts/type1/public/amsfonts/cm/cmsy7.pfb><c:/texlive/2018/texmf-dist/fonts/type1/
public/amsfonts/cm/cmsy8.pfb><c:/texlive/2018/texmf-dist/fonts/type1/public/ams
fonts/cm/cmsy9.pfb><c:/texlive/2018/texmf-dist/fonts/type1/public/amsfonts/symb
ols/msam10.pfb><c:/texlive/2018/texmf-dist/fonts/type1/public/amsfonts/symbols/
msbm10.pfb><c:/texlive/2018/texmf-dist/fonts/type1/public/amsfonts/symbols/msbm
7.pfb><c:/texlive/2018/texmf-dist/fonts/type1/urw/helvetic/uhvr8a.pfb><c:/texli
ve/2018/texmf-dist/fonts/type1/urw/times/utmb8a.pfb><c:/texlive/2018/texmf-dist
/fonts/type1/urw/times/utmbi8a.pfb><c:/texlive/2018/texmf-dist/fonts/type1/urw/
times/utmr8a.pfb><c:/texlive/2018/texmf-dist/fonts/type1/urw/times/utmri8a.pfb>

Output written on ds_tsp_jrnl.pdf (19 pages, 1075219 bytes).
PDF statistics:
 1168 PDF objects out of 1200 (max. 8388607)
 902 compressed objects within 10 object streams
 181 named destinations out of 1000 (max. 500000)
 42281 words of extra memory for PDF output out of 42996 (max. 10000000)

